<?xml version="1.0" encoding="UTF-8"?>
<!-- Generated by org.testng.reporters.JUnitXMLReporter -->
<testsuite ignored="0" hostname="Kyogikai" failures="0" tests="3" name="Surefire test" time="0.041" errors="0" timestamp="2025-03-04T21:02:33 GMT+07:00">
  <testcase classname="com.mycompany.student.StudentTest" name="testGetName" time="0.002"/>
  <testcase classname="com.mycompany.student.StudentTest" name="testSetAge" time="0.0"/>
  <testcase classname="com.mycompany.student.StudentTest" name="testUpdateName" time="0.0"/>
</testsuite> <!-- Surefire test -->
