<?xml version="1.0" encoding="UTF-8"?>
<testng-results ignored="0" total="3" passed="3" failed="0" skipped="0">
  <reporter-output>
  </reporter-output>
  <suite started-at="2025-03-04T21:02:33 GMT+07:00" name="Surefire suite" finished-at="2025-03-04T21:02:33 GMT+07:00" duration-ms="41">
    <groups>
    </groups>
    <test started-at="2025-03-04T21:02:33 GMT+07:00" name="Surefire test" finished-at="2025-03-04T21:02:33 GMT+07:00" duration-ms="41">
      <class name="com.mycompany.student.StudentTest">
        <test-method is-config="true" signature="setUp()[pri:0, instance:com.mycompany.student.StudentTest@d83da2e]" started-at="2025-03-04T21:02:33 GMT+07:00" name="setUp" finished-at="2025-03-04T21:02:33 GMT+07:00" duration-ms="6" status="PASS">
          <reporter-output>
          </reporter-output>
        </test-method> <!-- setUp -->
        <test-method signature="testGetName()[pri:0, instance:com.mycompany.student.StudentTest@d83da2e]" started-at="2025-03-04T21:02:33 GMT+07:00" name="testGetName" description="Test getName method returns correct name" finished-at="2025-03-04T21:02:33 GMT+07:00" duration-ms="2" status="PASS">
          <reporter-output>
          </reporter-output>
        </test-method> <!-- testGetName -->
        <test-method is-config="true" signature="tearDown()[pri:0, instance:com.mycompany.student.StudentTest@d83da2e]" started-at="2025-03-04T21:02:33 GMT+07:00" name="tearDown" finished-at="2025-03-04T21:02:33 GMT+07:00" duration-ms="0" status="PASS">
          <reporter-output>
          </reporter-output>
        </test-method> <!-- tearDown -->
        <test-method signature="testSetAge()[pri:0, instance:com.mycompany.student.StudentTest@d83da2e]" started-at="2025-03-04T21:02:33 GMT+07:00" name="testSetAge" description="Test setAge method updates age correctly" finished-at="2025-03-04T21:02:33 GMT+07:00" duration-ms="0" status="PASS">
          <reporter-output>
          </reporter-output>
        </test-method> <!-- testSetAge -->
        <test-method is-config="true" signature="setUp()[pri:0, instance:com.mycompany.student.StudentTest@d83da2e]" started-at="2025-03-04T21:02:33 GMT+07:00" name="setUp" finished-at="2025-03-04T21:02:33 GMT+07:00" duration-ms="0" status="PASS">
          <reporter-output>
          </reporter-output>
        </test-method> <!-- setUp -->
        <test-method is-config="true" signature="tearDown()[pri:0, instance:com.mycompany.student.StudentTest@d83da2e]" started-at="2025-03-04T21:02:33 GMT+07:00" name="tearDown" finished-at="2025-03-04T21:02:33 GMT+07:00" duration-ms="1" status="PASS">
          <reporter-output>
          </reporter-output>
        </test-method> <!-- tearDown -->
        <test-method is-config="true" signature="setUp()[pri:0, instance:com.mycompany.student.StudentTest@d83da2e]" started-at="2025-03-04T21:02:33 GMT+07:00" name="setUp" finished-at="2025-03-04T21:02:33 GMT+07:00" duration-ms="1" status="PASS">
          <reporter-output>
          </reporter-output>
        </test-method> <!-- setUp -->
        <test-method signature="testUpdateName()[pri:0, instance:com.mycompany.student.StudentTest@d83da2e]" started-at="2025-03-04T21:02:33 GMT+07:00" name="testUpdateName" description="Test updateName method updates name correctly" finished-at="2025-03-04T21:02:33 GMT+07:00" duration-ms="0" status="PASS">
          <reporter-output>
          </reporter-output>
        </test-method> <!-- testUpdateName -->
        <test-method is-config="true" signature="tearDown()[pri:0, instance:com.mycompany.student.StudentTest@d83da2e]" started-at="2025-03-04T21:02:33 GMT+07:00" name="tearDown" finished-at="2025-03-04T21:02:33 GMT+07:00" duration-ms="0" status="PASS">
          <reporter-output>
          </reporter-output>
        </test-method> <!-- tearDown -->
      </class> <!-- com.mycompany.student.StudentTest -->
    </test> <!-- Surefire test -->
  </suite> <!-- Surefire suite -->
</testng-results>
